2024-02-21 08:03:14 DEBUG InternalLoggerFactory:76 - Using Log4J2 as the default logging framework
2024-02-21 08:03:14 DEBUG ResourceLeakDetector:129 - -Dio.netty.leakDetection.level: simple
2024-02-21 08:03:14 DEBUG ResourceLeakDetector:130 - -Dio.netty.leakDetection.targetRecords: 4
2024-02-21 08:03:14 DEBUG ResourceLeakDetectorFactory:196 - Loaded default ResourceLeakDetector: io.netty.util.ResourceLeakDetector@6a9d5dff
2024-02-21 08:03:14 DEBUG PlatformDependent0:496 - -Dio.netty.noUnsafe: false
2024-02-21 08:03:14 DEBUG PlatformDependent0:1000 - Java version: 17
2024-02-21 08:03:14 DEBUG PlatformDependent0:137 - sun.misc.Unsafe.theUnsafe: available
2024-02-21 08:03:14 DEBUG PlatformDependent0:161 - sun.misc.Unsafe.copyMemory: available
2024-02-21 08:03:14 DEBUG PlatformDependent0:193 - sun.misc.Unsafe.storeFence: available
2024-02-21 08:03:14 DEBUG PlatformDependent0:236 - java.nio.Buffer.address: available
2024-02-21 08:03:14 DEBUG PlatformDependent0:320 - direct buffer constructor: unavailable: Reflective setAccessible(true) disabled
2024-02-21 08:03:14 DEBUG PlatformDependent0:385 - java.nio.Bits.unaligned: available, true
2024-02-21 08:03:14 DEBUG PlatformDependent0:452 - jdk.internal.misc.Unsafe.allocateUninitializedArray(int): unavailable: class io.netty.util.internal.PlatformDependent0$7 cannot access class jdk.internal.misc.Unsafe (in module java.base) because module java.base does not export jdk.internal.misc to unnamed module @464bee09
2024-02-21 08:03:14 DEBUG PlatformDependent0:482 - java.nio.DirectByteBuffer.<init>(long, int): unavailable
2024-02-21 08:03:14 DEBUG PlatformDependent:1159 - sun.misc.Unsafe: available
2024-02-21 08:03:14 DEBUG PlatformDependent:1270 - maxDirectMemory: 2116026368 bytes (maybe)
2024-02-21 08:03:14 DEBUG PlatformDependent:1289 - -Dio.netty.tmpdir: C:\Users\Admin\AppData\Local\Temp (java.io.tmpdir)
2024-02-21 08:03:14 DEBUG PlatformDependent:1368 - -Dio.netty.bitMode: 64 (sun.arch.data.model)
2024-02-21 08:03:14 DEBUG PlatformDependent:1119 - Platform: Windows
2024-02-21 08:03:14 DEBUG PlatformDependent:178 - -Dio.netty.maxDirectMemory: -1 bytes
2024-02-21 08:03:14 DEBUG PlatformDependent:185 - -Dio.netty.uninitializedArrayAllocationThreshold: -1
2024-02-21 08:03:14 DEBUG CleanerJava9:71 - java.nio.ByteBuffer.cleaner(): available
2024-02-21 08:03:14 DEBUG PlatformDependent:205 - -Dio.netty.noPreferDirect: false
2024-02-21 08:03:14 DEBUG PlatformDependent:1010 - org.jctools-core.MpscChunkedArrayQueue: available
2024-02-21 08:03:14 DEBUG InternalThreadLocalMap:100 - -Dio.netty.threadLocalMap.stringBuilder.initialSize: 1024
2024-02-21 08:03:14 DEBUG InternalThreadLocalMap:101 - -Dio.netty.threadLocalMap.stringBuilder.maxSize: 4096
2024-02-21 08:03:15 DEBUG JdkSslContext:83 - Default protocols (JDK): [TLSv1.3, TLSv1.2] 
2024-02-21 08:03:15 DEBUG JdkSslContext:84 - Default cipher suites (JDK): [TLS_ECDHE_ECDSA_WITH_AES_256_GCM_SHA384, TLS_ECDHE_ECDSA_WITH_AES_128_GCM_SHA256, TLS_ECDHE_RSA_WITH_AES_128_GCM_SHA256, TLS_ECDHE_RSA_WITH_AES_256_GCM_SHA384, TLS_ECDHE_RSA_WITH_AES_128_CBC_SHA, TLS_ECDHE_RSA_WITH_AES_256_CBC_SHA, TLS_RSA_WITH_AES_128_GCM_SHA256, TLS_RSA_WITH_AES_128_CBC_SHA, TLS_RSA_WITH_AES_256_CBC_SHA, TLS_AES_128_GCM_SHA256, TLS_AES_256_GCM_SHA384]
2024-02-21 08:03:15 DEBUG GlobalEventExecutor:53 - -Dio.netty.globalEventExecutor.quietPeriodSeconds: 1
2024-02-21 08:03:15 DEBUG MultithreadEventLoopGroup:44 - -Dio.netty.eventLoopThreads: 8
2024-02-21 08:03:15 DEBUG NioEventLoop:110 - -Dio.netty.noKeySetOptimization: false
2024-02-21 08:03:15 DEBUG NioEventLoop:111 - -Dio.netty.selectorAutoRebuildThreshold: 512
2024-02-21 08:03:15 DEBUG PooledByteBufAllocator:157 - -Dio.netty.allocator.numHeapArenas: 8
2024-02-21 08:03:15 DEBUG PooledByteBufAllocator:158 - -Dio.netty.allocator.numDirectArenas: 8
2024-02-21 08:03:15 DEBUG PooledByteBufAllocator:160 - -Dio.netty.allocator.pageSize: 8192
2024-02-21 08:03:15 DEBUG PooledByteBufAllocator:165 - -Dio.netty.allocator.maxOrder: 9
2024-02-21 08:03:15 DEBUG PooledByteBufAllocator:169 - -Dio.netty.allocator.chunkSize: 4194304
2024-02-21 08:03:15 DEBUG PooledByteBufAllocator:170 - -Dio.netty.allocator.smallCacheSize: 256
2024-02-21 08:03:15 DEBUG PooledByteBufAllocator:171 - -Dio.netty.allocator.normalCacheSize: 64
2024-02-21 08:03:15 DEBUG PooledByteBufAllocator:172 - -Dio.netty.allocator.maxCachedBufferCapacity: 32768
2024-02-21 08:03:15 DEBUG PooledByteBufAllocator:173 - -Dio.netty.allocator.cacheTrimInterval: 8192
2024-02-21 08:03:15 DEBUG PooledByteBufAllocator:174 - -Dio.netty.allocator.cacheTrimIntervalMillis: 0
2024-02-21 08:03:15 DEBUG PooledByteBufAllocator:175 - -Dio.netty.allocator.useCacheForAllThreads: false
2024-02-21 08:03:15 DEBUG PooledByteBufAllocator:176 - -Dio.netty.allocator.maxCachedByteBuffersPerChunk: 1023
2024-02-21 08:03:15 DEBUG ByteBufUtil:88 - -Dio.netty.allocator.type: pooled
2024-02-21 08:03:15 DEBUG ByteBufUtil:97 - -Dio.netty.threadLocalDirectBufferSize: 0
2024-02-21 08:03:15 DEBUG ByteBufUtil:100 - -Dio.netty.maxThreadLocalCharBufferSize: 16384
2024-02-21 08:03:15 DEBUG DefaultChannelId:79 - -Dio.netty.processId: 14344 (auto-detected)
2024-02-21 08:03:15 DEBUG NetUtil:148 - -Djava.net.preferIPv4Stack: false
2024-02-21 08:03:15 DEBUG NetUtil:149 - -Djava.net.preferIPv6Addresses: false
2024-02-21 08:03:15 DEBUG NetUtilInitializations:145 - Loopback interface: lo (Software Loopback Interface 1, 127.0.0.1)
2024-02-21 08:03:15 DEBUG NetUtil:206 - Failed to get SOMAXCONN from sysctl and file \proc\sys\net\core\somaxconn. Default: 200
2024-02-21 08:03:15 DEBUG DefaultChannelId:101 - -Dio.netty.machineId: 4c:34:88:ff:fe:16:51:6b (auto-detected)
2024-02-21 08:03:15 DEBUG AbstractByteBuf:63 - -Dio.netty.buffer.checkAccessible: true
2024-02-21 08:03:15 DEBUG AbstractByteBuf:64 - -Dio.netty.buffer.checkBounds: true
2024-02-21 08:03:15 DEBUG ResourceLeakDetectorFactory:196 - Loaded default ResourceLeakDetector: io.netty.util.ResourceLeakDetector@61a86d4c
2024-02-21 08:03:15 DEBUG Recycler:96 - -Dio.netty.recycler.maxCapacityPerThread: 4096
2024-02-21 08:03:15 DEBUG Recycler:97 - -Dio.netty.recycler.ratio: 8
2024-02-21 08:03:15 DEBUG Recycler:98 - -Dio.netty.recycler.chunkSize: 32
2024-02-21 08:03:15 DEBUG Recycler:99 - -Dio.netty.recycler.blocking: false
2024-02-21 08:03:15 DEBUG Recycler:100 - -Dio.netty.recycler.batchFastThreadLocalOnly: true
2024-02-21 08:03:17 DEBUG Brotli:38 - brotli4j not in the classpath; Brotli support will be unavailable.
2024-02-21 08:03:17 DEBUG ThreadLocalRandom:214 - -Dio.netty.initialSeedUniquifier: 0xc2c73d8573c5e408
2024-02-21 08:03:17 INFO  log4jdemo2Test:22 - **********get*******
2024-02-21 08:03:17 FATAL log4jdemo2Test:23 - *************get1************
2024-02-21 08:03:17 WARN  log4jdemo2Test:24 - **********get2*********
2024-02-21 08:03:17 DEBUG log4jdemo2Test:26 - *********get3***********
2024-02-21 08:06:38 DEBUG InternalLoggerFactory:76 - Using Log4J2 as the default logging framework
2024-02-21 08:06:38 DEBUG ResourceLeakDetector:129 - -Dio.netty.leakDetection.level: simple
2024-02-21 08:06:38 DEBUG ResourceLeakDetector:130 - -Dio.netty.leakDetection.targetRecords: 4
2024-02-21 08:06:38 DEBUG ResourceLeakDetectorFactory:196 - Loaded default ResourceLeakDetector: io.netty.util.ResourceLeakDetector@6a9d5dff
2024-02-21 08:06:38 DEBUG PlatformDependent0:496 - -Dio.netty.noUnsafe: false
2024-02-21 08:06:38 DEBUG PlatformDependent0:1000 - Java version: 17
2024-02-21 08:06:38 DEBUG PlatformDependent0:137 - sun.misc.Unsafe.theUnsafe: available
2024-02-21 08:06:38 DEBUG PlatformDependent0:161 - sun.misc.Unsafe.copyMemory: available
2024-02-21 08:06:38 DEBUG PlatformDependent0:193 - sun.misc.Unsafe.storeFence: available
2024-02-21 08:06:38 DEBUG PlatformDependent0:236 - java.nio.Buffer.address: available
2024-02-21 08:06:38 DEBUG PlatformDependent0:320 - direct buffer constructor: unavailable: Reflective setAccessible(true) disabled
2024-02-21 08:06:38 DEBUG PlatformDependent0:385 - java.nio.Bits.unaligned: available, true
2024-02-21 08:06:38 DEBUG PlatformDependent0:452 - jdk.internal.misc.Unsafe.allocateUninitializedArray(int): unavailable: class io.netty.util.internal.PlatformDependent0$7 cannot access class jdk.internal.misc.Unsafe (in module java.base) because module java.base does not export jdk.internal.misc to unnamed module @464bee09
2024-02-21 08:06:38 DEBUG PlatformDependent0:482 - java.nio.DirectByteBuffer.<init>(long, int): unavailable
2024-02-21 08:06:38 DEBUG PlatformDependent:1159 - sun.misc.Unsafe: available
2024-02-21 08:06:38 DEBUG PlatformDependent:1270 - maxDirectMemory: 2116026368 bytes (maybe)
2024-02-21 08:06:38 DEBUG PlatformDependent:1289 - -Dio.netty.tmpdir: C:\Users\Admin\AppData\Local\Temp (java.io.tmpdir)
2024-02-21 08:06:38 DEBUG PlatformDependent:1368 - -Dio.netty.bitMode: 64 (sun.arch.data.model)
2024-02-21 08:06:38 DEBUG PlatformDependent:1119 - Platform: Windows
2024-02-21 08:06:38 DEBUG PlatformDependent:178 - -Dio.netty.maxDirectMemory: -1 bytes
2024-02-21 08:06:38 DEBUG PlatformDependent:185 - -Dio.netty.uninitializedArrayAllocationThreshold: -1
2024-02-21 08:06:38 DEBUG CleanerJava9:71 - java.nio.ByteBuffer.cleaner(): available
2024-02-21 08:06:38 DEBUG PlatformDependent:205 - -Dio.netty.noPreferDirect: false
2024-02-21 08:06:38 DEBUG PlatformDependent:1010 - org.jctools-core.MpscChunkedArrayQueue: available
2024-02-21 08:06:38 DEBUG InternalThreadLocalMap:100 - -Dio.netty.threadLocalMap.stringBuilder.initialSize: 1024
2024-02-21 08:06:38 DEBUG InternalThreadLocalMap:101 - -Dio.netty.threadLocalMap.stringBuilder.maxSize: 4096
2024-02-21 08:06:38 DEBUG JdkSslContext:83 - Default protocols (JDK): [TLSv1.3, TLSv1.2] 
2024-02-21 08:06:38 DEBUG JdkSslContext:84 - Default cipher suites (JDK): [TLS_ECDHE_ECDSA_WITH_AES_256_GCM_SHA384, TLS_ECDHE_ECDSA_WITH_AES_128_GCM_SHA256, TLS_ECDHE_RSA_WITH_AES_128_GCM_SHA256, TLS_ECDHE_RSA_WITH_AES_256_GCM_SHA384, TLS_ECDHE_RSA_WITH_AES_128_CBC_SHA, TLS_ECDHE_RSA_WITH_AES_256_CBC_SHA, TLS_RSA_WITH_AES_128_GCM_SHA256, TLS_RSA_WITH_AES_128_CBC_SHA, TLS_RSA_WITH_AES_256_CBC_SHA, TLS_AES_128_GCM_SHA256, TLS_AES_256_GCM_SHA384]
2024-02-21 08:06:38 DEBUG GlobalEventExecutor:53 - -Dio.netty.globalEventExecutor.quietPeriodSeconds: 1
2024-02-21 08:06:38 DEBUG MultithreadEventLoopGroup:44 - -Dio.netty.eventLoopThreads: 8
2024-02-21 08:06:38 DEBUG NioEventLoop:110 - -Dio.netty.noKeySetOptimization: false
2024-02-21 08:06:38 DEBUG NioEventLoop:111 - -Dio.netty.selectorAutoRebuildThreshold: 512
2024-02-21 08:06:38 DEBUG PooledByteBufAllocator:157 - -Dio.netty.allocator.numHeapArenas: 8
2024-02-21 08:06:38 DEBUG PooledByteBufAllocator:158 - -Dio.netty.allocator.numDirectArenas: 8
2024-02-21 08:06:38 DEBUG PooledByteBufAllocator:160 - -Dio.netty.allocator.pageSize: 8192
2024-02-21 08:06:38 DEBUG PooledByteBufAllocator:165 - -Dio.netty.allocator.maxOrder: 9
2024-02-21 08:06:38 DEBUG PooledByteBufAllocator:169 - -Dio.netty.allocator.chunkSize: 4194304
2024-02-21 08:06:38 DEBUG PooledByteBufAllocator:170 - -Dio.netty.allocator.smallCacheSize: 256
2024-02-21 08:06:38 DEBUG PooledByteBufAllocator:171 - -Dio.netty.allocator.normalCacheSize: 64
2024-02-21 08:06:38 DEBUG PooledByteBufAllocator:172 - -Dio.netty.allocator.maxCachedBufferCapacity: 32768
2024-02-21 08:06:38 DEBUG PooledByteBufAllocator:173 - -Dio.netty.allocator.cacheTrimInterval: 8192
2024-02-21 08:06:38 DEBUG PooledByteBufAllocator:174 - -Dio.netty.allocator.cacheTrimIntervalMillis: 0
2024-02-21 08:06:38 DEBUG PooledByteBufAllocator:175 - -Dio.netty.allocator.useCacheForAllThreads: false
2024-02-21 08:06:38 DEBUG PooledByteBufAllocator:176 - -Dio.netty.allocator.maxCachedByteBuffersPerChunk: 1023
2024-02-21 08:06:38 DEBUG ByteBufUtil:88 - -Dio.netty.allocator.type: pooled
2024-02-21 08:06:38 DEBUG ByteBufUtil:97 - -Dio.netty.threadLocalDirectBufferSize: 0
2024-02-21 08:06:38 DEBUG ByteBufUtil:100 - -Dio.netty.maxThreadLocalCharBufferSize: 16384
2024-02-21 08:06:39 DEBUG DefaultChannelId:79 - -Dio.netty.processId: 18692 (auto-detected)
2024-02-21 08:06:39 DEBUG NetUtil:148 - -Djava.net.preferIPv4Stack: false
2024-02-21 08:06:39 DEBUG NetUtil:149 - -Djava.net.preferIPv6Addresses: false
2024-02-21 08:06:39 DEBUG NetUtilInitializations:145 - Loopback interface: lo (Software Loopback Interface 1, 127.0.0.1)
2024-02-21 08:06:39 DEBUG NetUtil:206 - Failed to get SOMAXCONN from sysctl and file \proc\sys\net\core\somaxconn. Default: 200
2024-02-21 08:06:39 DEBUG DefaultChannelId:101 - -Dio.netty.machineId: 4c:34:88:ff:fe:16:51:6b (auto-detected)
2024-02-21 08:06:39 DEBUG AbstractByteBuf:63 - -Dio.netty.buffer.checkAccessible: true
2024-02-21 08:06:39 DEBUG AbstractByteBuf:64 - -Dio.netty.buffer.checkBounds: true
2024-02-21 08:06:39 DEBUG ResourceLeakDetectorFactory:196 - Loaded default ResourceLeakDetector: io.netty.util.ResourceLeakDetector@5814e6c8
2024-02-21 08:06:39 DEBUG Recycler:96 - -Dio.netty.recycler.maxCapacityPerThread: 4096
2024-02-21 08:06:39 DEBUG Recycler:97 - -Dio.netty.recycler.ratio: 8
2024-02-21 08:06:39 DEBUG Recycler:98 - -Dio.netty.recycler.chunkSize: 32
2024-02-21 08:06:39 DEBUG Recycler:99 - -Dio.netty.recycler.blocking: false
2024-02-21 08:06:39 DEBUG Recycler:100 - -Dio.netty.recycler.batchFastThreadLocalOnly: true
2024-02-21 08:06:41 DEBUG Brotli:38 - brotli4j not in the classpath; Brotli support will be unavailable.
2024-02-21 08:06:41 DEBUG ThreadLocalRandom:214 - -Dio.netty.initialSeedUniquifier: 0x3239a129d7095bbe
2024-02-21 08:06:41 INFO  log4jdemo2Test:22 - **********get*******
2024-02-21 08:06:41 FATAL log4jdemo2Test:23 - *************get1************
2024-02-21 08:06:41 WARN  log4jdemo2Test:24 - **********get2*********
2024-02-21 08:06:41 DEBUG log4jdemo2Test:26 - *********get3***********
2024-02-21 08:06:41 DEBUG log4jdemo2Test:27 - *********get3***********
2024-02-21 11:52:00 DEBUG InternalLoggerFactory:76 - Using Log4J2 as the default logging framework
2024-02-21 11:52:00 DEBUG ResourceLeakDetector:129 - -Dio.netty.leakDetection.level: simple
2024-02-21 11:52:00 DEBUG ResourceLeakDetector:130 - -Dio.netty.leakDetection.targetRecords: 4
2024-02-21 11:52:00 DEBUG ResourceLeakDetectorFactory:196 - Loaded default ResourceLeakDetector: io.netty.util.ResourceLeakDetector@f2e4acf
2024-02-21 11:52:00 DEBUG PlatformDependent0:496 - -Dio.netty.noUnsafe: false
2024-02-21 11:52:00 DEBUG PlatformDependent0:1000 - Java version: 17
2024-02-21 11:52:00 DEBUG PlatformDependent0:137 - sun.misc.Unsafe.theUnsafe: available
2024-02-21 11:52:00 DEBUG PlatformDependent0:161 - sun.misc.Unsafe.copyMemory: available
2024-02-21 11:52:00 DEBUG PlatformDependent0:193 - sun.misc.Unsafe.storeFence: available
2024-02-21 11:52:00 DEBUG PlatformDependent0:236 - java.nio.Buffer.address: available
2024-02-21 11:52:00 DEBUG PlatformDependent0:320 - direct buffer constructor: unavailable: Reflective setAccessible(true) disabled
2024-02-21 11:52:00 DEBUG PlatformDependent0:385 - java.nio.Bits.unaligned: available, true
2024-02-21 11:52:00 DEBUG PlatformDependent0:452 - jdk.internal.misc.Unsafe.allocateUninitializedArray(int): unavailable: class io.netty.util.internal.PlatformDependent0$7 cannot access class jdk.internal.misc.Unsafe (in module java.base) because module java.base does not export jdk.internal.misc to unnamed module @464bee09
2024-02-21 11:52:00 DEBUG PlatformDependent0:482 - java.nio.DirectByteBuffer.<init>(long, int): unavailable
2024-02-21 11:52:00 DEBUG PlatformDependent:1159 - sun.misc.Unsafe: available
2024-02-21 11:52:00 DEBUG PlatformDependent:1270 - maxDirectMemory: 2116026368 bytes (maybe)
2024-02-21 11:52:00 DEBUG PlatformDependent:1289 - -Dio.netty.tmpdir: C:\Users\Admin\AppData\Local\Temp (java.io.tmpdir)
2024-02-21 11:52:00 DEBUG PlatformDependent:1368 - -Dio.netty.bitMode: 64 (sun.arch.data.model)
2024-02-21 11:52:00 DEBUG PlatformDependent:1119 - Platform: Windows
2024-02-21 11:52:00 DEBUG PlatformDependent:178 - -Dio.netty.maxDirectMemory: -1 bytes
2024-02-21 11:52:00 DEBUG PlatformDependent:185 - -Dio.netty.uninitializedArrayAllocationThreshold: -1
2024-02-21 11:52:00 DEBUG CleanerJava9:71 - java.nio.ByteBuffer.cleaner(): available
2024-02-21 11:52:00 DEBUG PlatformDependent:205 - -Dio.netty.noPreferDirect: false
2024-02-21 11:52:00 DEBUG PlatformDependent:1010 - org.jctools-core.MpscChunkedArrayQueue: available
2024-02-21 11:52:00 DEBUG InternalThreadLocalMap:100 - -Dio.netty.threadLocalMap.stringBuilder.initialSize: 1024
2024-02-21 11:52:00 DEBUG InternalThreadLocalMap:101 - -Dio.netty.threadLocalMap.stringBuilder.maxSize: 4096
2024-02-21 11:52:00 DEBUG JdkSslContext:83 - Default protocols (JDK): [TLSv1.3, TLSv1.2] 
2024-02-21 11:52:00 DEBUG JdkSslContext:84 - Default cipher suites (JDK): [TLS_ECDHE_ECDSA_WITH_AES_256_GCM_SHA384, TLS_ECDHE_ECDSA_WITH_AES_128_GCM_SHA256, TLS_ECDHE_RSA_WITH_AES_128_GCM_SHA256, TLS_ECDHE_RSA_WITH_AES_256_GCM_SHA384, TLS_ECDHE_RSA_WITH_AES_128_CBC_SHA, TLS_ECDHE_RSA_WITH_AES_256_CBC_SHA, TLS_RSA_WITH_AES_128_GCM_SHA256, TLS_RSA_WITH_AES_128_CBC_SHA, TLS_RSA_WITH_AES_256_CBC_SHA, TLS_AES_128_GCM_SHA256, TLS_AES_256_GCM_SHA384]
2024-02-21 11:52:00 DEBUG GlobalEventExecutor:53 - -Dio.netty.globalEventExecutor.quietPeriodSeconds: 1
2024-02-21 11:52:00 DEBUG MultithreadEventLoopGroup:44 - -Dio.netty.eventLoopThreads: 8
2024-02-21 11:52:00 DEBUG NioEventLoop:110 - -Dio.netty.noKeySetOptimization: false
2024-02-21 11:52:00 DEBUG NioEventLoop:111 - -Dio.netty.selectorAutoRebuildThreshold: 512
2024-02-21 11:52:00 DEBUG PooledByteBufAllocator:157 - -Dio.netty.allocator.numHeapArenas: 8
2024-02-21 11:52:00 DEBUG PooledByteBufAllocator:158 - -Dio.netty.allocator.numDirectArenas: 8
2024-02-21 11:52:00 DEBUG PooledByteBufAllocator:160 - -Dio.netty.allocator.pageSize: 8192
2024-02-21 11:52:00 DEBUG PooledByteBufAllocator:165 - -Dio.netty.allocator.maxOrder: 9
2024-02-21 11:52:00 DEBUG PooledByteBufAllocator:169 - -Dio.netty.allocator.chunkSize: 4194304
2024-02-21 11:52:00 DEBUG PooledByteBufAllocator:170 - -Dio.netty.allocator.smallCacheSize: 256
2024-02-21 11:52:00 DEBUG PooledByteBufAllocator:171 - -Dio.netty.allocator.normalCacheSize: 64
2024-02-21 11:52:00 DEBUG PooledByteBufAllocator:172 - -Dio.netty.allocator.maxCachedBufferCapacity: 32768
2024-02-21 11:52:00 DEBUG PooledByteBufAllocator:173 - -Dio.netty.allocator.cacheTrimInterval: 8192
2024-02-21 11:52:00 DEBUG PooledByteBufAllocator:174 - -Dio.netty.allocator.cacheTrimIntervalMillis: 0
2024-02-21 11:52:00 DEBUG PooledByteBufAllocator:175 - -Dio.netty.allocator.useCacheForAllThreads: false
2024-02-21 11:52:00 DEBUG PooledByteBufAllocator:176 - -Dio.netty.allocator.maxCachedByteBuffersPerChunk: 1023
2024-02-21 11:52:00 DEBUG ByteBufUtil:88 - -Dio.netty.allocator.type: pooled
2024-02-21 11:52:00 DEBUG ByteBufUtil:97 - -Dio.netty.threadLocalDirectBufferSize: 0
2024-02-21 11:52:00 DEBUG ByteBufUtil:100 - -Dio.netty.maxThreadLocalCharBufferSize: 16384
2024-02-21 11:52:01 DEBUG DefaultChannelId:79 - -Dio.netty.processId: 18236 (auto-detected)
2024-02-21 11:52:01 DEBUG NetUtil:148 - -Djava.net.preferIPv4Stack: false
2024-02-21 11:52:01 DEBUG NetUtil:149 - -Djava.net.preferIPv6Addresses: false
2024-02-21 11:52:01 DEBUG NetUtilInitializations:145 - Loopback interface: lo (Software Loopback Interface 1, 127.0.0.1)
2024-02-21 11:52:01 DEBUG NetUtil:206 - Failed to get SOMAXCONN from sysctl and file \proc\sys\net\core\somaxconn. Default: 200
2024-02-21 11:52:01 DEBUG DefaultChannelId:101 - -Dio.netty.machineId: 4c:34:88:ff:fe:16:51:6b (auto-detected)
2024-02-21 11:52:01 DEBUG AbstractByteBuf:63 - -Dio.netty.buffer.checkAccessible: true
2024-02-21 11:52:01 DEBUG AbstractByteBuf:64 - -Dio.netty.buffer.checkBounds: true
2024-02-21 11:52:01 DEBUG ResourceLeakDetectorFactory:196 - Loaded default ResourceLeakDetector: io.netty.util.ResourceLeakDetector@448d1ff
2024-02-21 11:52:01 DEBUG Recycler:96 - -Dio.netty.recycler.maxCapacityPerThread: 4096
2024-02-21 11:52:01 DEBUG Recycler:97 - -Dio.netty.recycler.ratio: 8
2024-02-21 11:52:01 DEBUG Recycler:98 - -Dio.netty.recycler.chunkSize: 32
2024-02-21 11:52:01 DEBUG Recycler:99 - -Dio.netty.recycler.blocking: false
2024-02-21 11:52:01 DEBUG Recycler:100 - -Dio.netty.recycler.batchFastThreadLocalOnly: true
2024-02-21 11:52:03 DEBUG Brotli:38 - brotli4j not in the classpath; Brotli support will be unavailable.
2024-02-21 11:52:03 DEBUG ThreadLocalRandom:214 - -Dio.netty.initialSeedUniquifier: 0x3b24e54489194397
2024-02-21 11:52:17 DEBUG InternalLoggerFactory:76 - Using Log4J2 as the default logging framework
2024-02-21 11:52:17 DEBUG ResourceLeakDetector:129 - -Dio.netty.leakDetection.level: simple
2024-02-21 11:52:17 DEBUG ResourceLeakDetector:130 - -Dio.netty.leakDetection.targetRecords: 4
2024-02-21 11:52:17 DEBUG ResourceLeakDetectorFactory:196 - Loaded default ResourceLeakDetector: io.netty.util.ResourceLeakDetector@f2e4acf
2024-02-21 11:52:17 DEBUG PlatformDependent0:496 - -Dio.netty.noUnsafe: false
2024-02-21 11:52:17 DEBUG PlatformDependent0:1000 - Java version: 17
2024-02-21 11:52:17 DEBUG PlatformDependent0:137 - sun.misc.Unsafe.theUnsafe: available
2024-02-21 11:52:17 DEBUG PlatformDependent0:161 - sun.misc.Unsafe.copyMemory: available
2024-02-21 11:52:17 DEBUG PlatformDependent0:193 - sun.misc.Unsafe.storeFence: available
2024-02-21 11:52:17 DEBUG PlatformDependent0:236 - java.nio.Buffer.address: available
2024-02-21 11:52:17 DEBUG PlatformDependent0:320 - direct buffer constructor: unavailable: Reflective setAccessible(true) disabled
2024-02-21 11:52:17 DEBUG PlatformDependent0:385 - java.nio.Bits.unaligned: available, true
2024-02-21 11:52:17 DEBUG PlatformDependent0:452 - jdk.internal.misc.Unsafe.allocateUninitializedArray(int): unavailable: class io.netty.util.internal.PlatformDependent0$7 cannot access class jdk.internal.misc.Unsafe (in module java.base) because module java.base does not export jdk.internal.misc to unnamed module @464bee09
2024-02-21 11:52:17 DEBUG PlatformDependent0:482 - java.nio.DirectByteBuffer.<init>(long, int): unavailable
2024-02-21 11:52:17 DEBUG PlatformDependent:1159 - sun.misc.Unsafe: available
2024-02-21 11:52:17 DEBUG PlatformDependent:1270 - maxDirectMemory: 2116026368 bytes (maybe)
2024-02-21 11:52:17 DEBUG PlatformDependent:1289 - -Dio.netty.tmpdir: C:\Users\Admin\AppData\Local\Temp (java.io.tmpdir)
2024-02-21 11:52:17 DEBUG PlatformDependent:1368 - -Dio.netty.bitMode: 64 (sun.arch.data.model)
2024-02-21 11:52:17 DEBUG PlatformDependent:1119 - Platform: Windows
2024-02-21 11:52:17 DEBUG PlatformDependent:178 - -Dio.netty.maxDirectMemory: -1 bytes
2024-02-21 11:52:17 DEBUG PlatformDependent:185 - -Dio.netty.uninitializedArrayAllocationThreshold: -1
2024-02-21 11:52:17 DEBUG CleanerJava9:71 - java.nio.ByteBuffer.cleaner(): available
2024-02-21 11:52:17 DEBUG PlatformDependent:205 - -Dio.netty.noPreferDirect: false
2024-02-21 11:52:17 DEBUG PlatformDependent:1010 - org.jctools-core.MpscChunkedArrayQueue: available
2024-02-21 11:52:17 DEBUG InternalThreadLocalMap:100 - -Dio.netty.threadLocalMap.stringBuilder.initialSize: 1024
2024-02-21 11:52:17 DEBUG InternalThreadLocalMap:101 - -Dio.netty.threadLocalMap.stringBuilder.maxSize: 4096
2024-02-21 11:52:17 DEBUG JdkSslContext:83 - Default protocols (JDK): [TLSv1.3, TLSv1.2] 
2024-02-21 11:52:17 DEBUG JdkSslContext:84 - Default cipher suites (JDK): [TLS_ECDHE_ECDSA_WITH_AES_256_GCM_SHA384, TLS_ECDHE_ECDSA_WITH_AES_128_GCM_SHA256, TLS_ECDHE_RSA_WITH_AES_128_GCM_SHA256, TLS_ECDHE_RSA_WITH_AES_256_GCM_SHA384, TLS_ECDHE_RSA_WITH_AES_128_CBC_SHA, TLS_ECDHE_RSA_WITH_AES_256_CBC_SHA, TLS_RSA_WITH_AES_128_GCM_SHA256, TLS_RSA_WITH_AES_128_CBC_SHA, TLS_RSA_WITH_AES_256_CBC_SHA, TLS_AES_128_GCM_SHA256, TLS_AES_256_GCM_SHA384]
2024-02-21 11:52:17 DEBUG GlobalEventExecutor:53 - -Dio.netty.globalEventExecutor.quietPeriodSeconds: 1
2024-02-21 11:52:18 DEBUG MultithreadEventLoopGroup:44 - -Dio.netty.eventLoopThreads: 8
2024-02-21 11:52:18 DEBUG NioEventLoop:110 - -Dio.netty.noKeySetOptimization: false
2024-02-21 11:52:18 DEBUG NioEventLoop:111 - -Dio.netty.selectorAutoRebuildThreshold: 512
2024-02-21 11:52:18 DEBUG PooledByteBufAllocator:157 - -Dio.netty.allocator.numHeapArenas: 8
2024-02-21 11:52:18 DEBUG PooledByteBufAllocator:158 - -Dio.netty.allocator.numDirectArenas: 8
2024-02-21 11:52:18 DEBUG PooledByteBufAllocator:160 - -Dio.netty.allocator.pageSize: 8192
2024-02-21 11:52:18 DEBUG PooledByteBufAllocator:165 - -Dio.netty.allocator.maxOrder: 9
2024-02-21 11:52:18 DEBUG PooledByteBufAllocator:169 - -Dio.netty.allocator.chunkSize: 4194304
2024-02-21 11:52:18 DEBUG PooledByteBufAllocator:170 - -Dio.netty.allocator.smallCacheSize: 256
2024-02-21 11:52:18 DEBUG PooledByteBufAllocator:171 - -Dio.netty.allocator.normalCacheSize: 64
2024-02-21 11:52:18 DEBUG PooledByteBufAllocator:172 - -Dio.netty.allocator.maxCachedBufferCapacity: 32768
2024-02-21 11:52:18 DEBUG PooledByteBufAllocator:173 - -Dio.netty.allocator.cacheTrimInterval: 8192
2024-02-21 11:52:18 DEBUG PooledByteBufAllocator:174 - -Dio.netty.allocator.cacheTrimIntervalMillis: 0
2024-02-21 11:52:18 DEBUG PooledByteBufAllocator:175 - -Dio.netty.allocator.useCacheForAllThreads: false
2024-02-21 11:52:18 DEBUG PooledByteBufAllocator:176 - -Dio.netty.allocator.maxCachedByteBuffersPerChunk: 1023
2024-02-21 11:52:18 DEBUG ByteBufUtil:88 - -Dio.netty.allocator.type: pooled
2024-02-21 11:52:18 DEBUG ByteBufUtil:97 - -Dio.netty.threadLocalDirectBufferSize: 0
2024-02-21 11:52:18 DEBUG ByteBufUtil:100 - -Dio.netty.maxThreadLocalCharBufferSize: 16384
2024-02-21 11:52:18 DEBUG DefaultChannelId:79 - -Dio.netty.processId: 18256 (auto-detected)
2024-02-21 11:52:18 DEBUG NetUtil:148 - -Djava.net.preferIPv4Stack: false
2024-02-21 11:52:18 DEBUG NetUtil:149 - -Djava.net.preferIPv6Addresses: false
2024-02-21 11:52:18 DEBUG NetUtilInitializations:145 - Loopback interface: lo (Software Loopback Interface 1, 127.0.0.1)
2024-02-21 11:52:18 DEBUG NetUtil:206 - Failed to get SOMAXCONN from sysctl and file \proc\sys\net\core\somaxconn. Default: 200
2024-02-21 11:52:18 DEBUG DefaultChannelId:101 - -Dio.netty.machineId: 4c:34:88:ff:fe:16:51:6b (auto-detected)
2024-02-21 11:52:18 DEBUG AbstractByteBuf:63 - -Dio.netty.buffer.checkAccessible: true
2024-02-21 11:52:18 DEBUG AbstractByteBuf:64 - -Dio.netty.buffer.checkBounds: true
2024-02-21 11:52:18 DEBUG ResourceLeakDetectorFactory:196 - Loaded default ResourceLeakDetector: io.netty.util.ResourceLeakDetector@32be64ce
2024-02-21 11:52:18 DEBUG Recycler:96 - -Dio.netty.recycler.maxCapacityPerThread: 4096
2024-02-21 11:52:18 DEBUG Recycler:97 - -Dio.netty.recycler.ratio: 8
2024-02-21 11:52:18 DEBUG Recycler:98 - -Dio.netty.recycler.chunkSize: 32
2024-02-21 11:52:18 DEBUG Recycler:99 - -Dio.netty.recycler.blocking: false
2024-02-21 11:52:18 DEBUG Recycler:100 - -Dio.netty.recycler.batchFastThreadLocalOnly: true
2024-02-21 11:52:20 DEBUG Brotli:38 - brotli4j not in the classpath; Brotli support will be unavailable.
2024-02-21 11:52:20 DEBUG ThreadLocalRandom:214 - -Dio.netty.initialSeedUniquifier: 0x65b32bdda0608a6f
2024-02-21 11:54:40 DEBUG InternalLoggerFactory:76 - Using Log4J2 as the default logging framework
2024-02-21 11:54:40 DEBUG ResourceLeakDetector:129 - -Dio.netty.leakDetection.level: simple
2024-02-21 11:54:40 DEBUG ResourceLeakDetector:130 - -Dio.netty.leakDetection.targetRecords: 4
2024-02-21 11:54:40 DEBUG ResourceLeakDetectorFactory:196 - Loaded default ResourceLeakDetector: io.netty.util.ResourceLeakDetector@f2e4acf
2024-02-21 11:54:40 DEBUG PlatformDependent0:496 - -Dio.netty.noUnsafe: false
2024-02-21 11:54:40 DEBUG PlatformDependent0:1000 - Java version: 17
2024-02-21 11:54:40 DEBUG PlatformDependent0:137 - sun.misc.Unsafe.theUnsafe: available
2024-02-21 11:54:40 DEBUG PlatformDependent0:161 - sun.misc.Unsafe.copyMemory: available
2024-02-21 11:54:40 DEBUG PlatformDependent0:193 - sun.misc.Unsafe.storeFence: available
2024-02-21 11:54:40 DEBUG PlatformDependent0:236 - java.nio.Buffer.address: available
2024-02-21 11:54:40 DEBUG PlatformDependent0:320 - direct buffer constructor: unavailable: Reflective setAccessible(true) disabled
2024-02-21 11:54:40 DEBUG PlatformDependent0:385 - java.nio.Bits.unaligned: available, true
2024-02-21 11:54:40 DEBUG PlatformDependent0:452 - jdk.internal.misc.Unsafe.allocateUninitializedArray(int): unavailable: class io.netty.util.internal.PlatformDependent0$7 cannot access class jdk.internal.misc.Unsafe (in module java.base) because module java.base does not export jdk.internal.misc to unnamed module @464bee09
2024-02-21 11:54:40 DEBUG PlatformDependent0:482 - java.nio.DirectByteBuffer.<init>(long, int): unavailable
2024-02-21 11:54:40 DEBUG PlatformDependent:1159 - sun.misc.Unsafe: available
2024-02-21 11:54:40 DEBUG PlatformDependent:1270 - maxDirectMemory: 2116026368 bytes (maybe)
2024-02-21 11:54:40 DEBUG PlatformDependent:1289 - -Dio.netty.tmpdir: C:\Users\Admin\AppData\Local\Temp (java.io.tmpdir)
2024-02-21 11:54:40 DEBUG PlatformDependent:1368 - -Dio.netty.bitMode: 64 (sun.arch.data.model)
2024-02-21 11:54:40 DEBUG PlatformDependent:1119 - Platform: Windows
2024-02-21 11:54:40 DEBUG PlatformDependent:178 - -Dio.netty.maxDirectMemory: -1 bytes
2024-02-21 11:54:40 DEBUG PlatformDependent:185 - -Dio.netty.uninitializedArrayAllocationThreshold: -1
2024-02-21 11:54:40 DEBUG CleanerJava9:71 - java.nio.ByteBuffer.cleaner(): available
2024-02-21 11:54:40 DEBUG PlatformDependent:205 - -Dio.netty.noPreferDirect: false
2024-02-21 11:54:40 DEBUG PlatformDependent:1010 - org.jctools-core.MpscChunkedArrayQueue: available
2024-02-21 11:54:40 DEBUG InternalThreadLocalMap:100 - -Dio.netty.threadLocalMap.stringBuilder.initialSize: 1024
2024-02-21 11:54:40 DEBUG InternalThreadLocalMap:101 - -Dio.netty.threadLocalMap.stringBuilder.maxSize: 4096
2024-02-21 11:54:41 DEBUG JdkSslContext:83 - Default protocols (JDK): [TLSv1.3, TLSv1.2] 
2024-02-21 11:54:41 DEBUG JdkSslContext:84 - Default cipher suites (JDK): [TLS_ECDHE_ECDSA_WITH_AES_256_GCM_SHA384, TLS_ECDHE_ECDSA_WITH_AES_128_GCM_SHA256, TLS_ECDHE_RSA_WITH_AES_128_GCM_SHA256, TLS_ECDHE_RSA_WITH_AES_256_GCM_SHA384, TLS_ECDHE_RSA_WITH_AES_128_CBC_SHA, TLS_ECDHE_RSA_WITH_AES_256_CBC_SHA, TLS_RSA_WITH_AES_128_GCM_SHA256, TLS_RSA_WITH_AES_128_CBC_SHA, TLS_RSA_WITH_AES_256_CBC_SHA, TLS_AES_128_GCM_SHA256, TLS_AES_256_GCM_SHA384]
2024-02-21 11:54:41 DEBUG GlobalEventExecutor:53 - -Dio.netty.globalEventExecutor.quietPeriodSeconds: 1
2024-02-21 11:54:41 DEBUG MultithreadEventLoopGroup:44 - -Dio.netty.eventLoopThreads: 8
2024-02-21 11:54:41 DEBUG NioEventLoop:110 - -Dio.netty.noKeySetOptimization: false
2024-02-21 11:54:41 DEBUG NioEventLoop:111 - -Dio.netty.selectorAutoRebuildThreshold: 512
2024-02-21 11:54:41 DEBUG PooledByteBufAllocator:157 - -Dio.netty.allocator.numHeapArenas: 8
2024-02-21 11:54:41 DEBUG PooledByteBufAllocator:158 - -Dio.netty.allocator.numDirectArenas: 8
2024-02-21 11:54:41 DEBUG PooledByteBufAllocator:160 - -Dio.netty.allocator.pageSize: 8192
2024-02-21 11:54:41 DEBUG PooledByteBufAllocator:165 - -Dio.netty.allocator.maxOrder: 9
2024-02-21 11:54:41 DEBUG PooledByteBufAllocator:169 - -Dio.netty.allocator.chunkSize: 4194304
2024-02-21 11:54:41 DEBUG PooledByteBufAllocator:170 - -Dio.netty.allocator.smallCacheSize: 256
2024-02-21 11:54:41 DEBUG PooledByteBufAllocator:171 - -Dio.netty.allocator.normalCacheSize: 64
2024-02-21 11:54:41 DEBUG PooledByteBufAllocator:172 - -Dio.netty.allocator.maxCachedBufferCapacity: 32768
2024-02-21 11:54:41 DEBUG PooledByteBufAllocator:173 - -Dio.netty.allocator.cacheTrimInterval: 8192
2024-02-21 11:54:41 DEBUG PooledByteBufAllocator:174 - -Dio.netty.allocator.cacheTrimIntervalMillis: 0
2024-02-21 11:54:41 DEBUG PooledByteBufAllocator:175 - -Dio.netty.allocator.useCacheForAllThreads: false
2024-02-21 11:54:41 DEBUG PooledByteBufAllocator:176 - -Dio.netty.allocator.maxCachedByteBuffersPerChunk: 1023
2024-02-21 11:54:41 DEBUG ByteBufUtil:88 - -Dio.netty.allocator.type: pooled
2024-02-21 11:54:41 DEBUG ByteBufUtil:97 - -Dio.netty.threadLocalDirectBufferSize: 0
2024-02-21 11:54:41 DEBUG ByteBufUtil:100 - -Dio.netty.maxThreadLocalCharBufferSize: 16384
2024-02-21 11:54:41 DEBUG DefaultChannelId:79 - -Dio.netty.processId: 17356 (auto-detected)
2024-02-21 11:54:41 DEBUG NetUtil:148 - -Djava.net.preferIPv4Stack: false
2024-02-21 11:54:41 DEBUG NetUtil:149 - -Djava.net.preferIPv6Addresses: false
2024-02-21 11:54:42 DEBUG NetUtilInitializations:145 - Loopback interface: lo (Software Loopback Interface 1, 127.0.0.1)
2024-02-21 11:54:42 DEBUG NetUtil:206 - Failed to get SOMAXCONN from sysctl and file \proc\sys\net\core\somaxconn. Default: 200
2024-02-21 11:54:42 DEBUG DefaultChannelId:101 - -Dio.netty.machineId: 4c:34:88:ff:fe:16:51:6b (auto-detected)
2024-02-21 11:54:42 DEBUG AbstractByteBuf:63 - -Dio.netty.buffer.checkAccessible: true
2024-02-21 11:54:42 DEBUG AbstractByteBuf:64 - -Dio.netty.buffer.checkBounds: true
2024-02-21 11:54:42 DEBUG ResourceLeakDetectorFactory:196 - Loaded default ResourceLeakDetector: io.netty.util.ResourceLeakDetector@50ad3f28
2024-02-21 11:54:42 DEBUG Recycler:96 - -Dio.netty.recycler.maxCapacityPerThread: 4096
2024-02-21 11:54:42 DEBUG Recycler:97 - -Dio.netty.recycler.ratio: 8
2024-02-21 11:54:42 DEBUG Recycler:98 - -Dio.netty.recycler.chunkSize: 32
2024-02-21 11:54:42 DEBUG Recycler:99 - -Dio.netty.recycler.blocking: false
2024-02-21 11:54:42 DEBUG Recycler:100 - -Dio.netty.recycler.batchFastThreadLocalOnly: true
2024-02-21 11:54:43 DEBUG Brotli:38 - brotli4j not in the classpath; Brotli support will be unavailable.
2024-02-21 11:54:44 DEBUG ThreadLocalRandom:214 - -Dio.netty.initialSeedUniquifier: 0x997c7c17a0bbc9e1
2024-02-21 14:13:52 DEBUG InternalLoggerFactory:76 - Using Log4J2 as the default logging framework
2024-02-21 14:13:53 DEBUG ResourceLeakDetector:129 - -Dio.netty.leakDetection.level: simple
2024-02-21 14:13:53 DEBUG ResourceLeakDetector:130 - -Dio.netty.leakDetection.targetRecords: 4
2024-02-21 14:13:53 DEBUG ResourceLeakDetectorFactory:196 - Loaded default ResourceLeakDetector: io.netty.util.ResourceLeakDetector@7ca0863b
2024-02-21 14:13:53 DEBUG PlatformDependent0:496 - -Dio.netty.noUnsafe: false
2024-02-21 14:13:53 DEBUG PlatformDependent0:1000 - Java version: 17
2024-02-21 14:13:53 DEBUG PlatformDependent0:137 - sun.misc.Unsafe.theUnsafe: available
2024-02-21 14:13:53 DEBUG PlatformDependent0:161 - sun.misc.Unsafe.copyMemory: available
2024-02-21 14:13:53 DEBUG PlatformDependent0:193 - sun.misc.Unsafe.storeFence: available
2024-02-21 14:13:53 DEBUG PlatformDependent0:236 - java.nio.Buffer.address: available
2024-02-21 14:13:53 DEBUG PlatformDependent0:320 - direct buffer constructor: unavailable: Reflective setAccessible(true) disabled
2024-02-21 14:13:53 DEBUG PlatformDependent0:385 - java.nio.Bits.unaligned: available, true
2024-02-21 14:13:53 DEBUG PlatformDependent0:452 - jdk.internal.misc.Unsafe.allocateUninitializedArray(int): unavailable: class io.netty.util.internal.PlatformDependent0$7 cannot access class jdk.internal.misc.Unsafe (in module java.base) because module java.base does not export jdk.internal.misc to unnamed module @464bee09
2024-02-21 14:13:53 DEBUG PlatformDependent0:482 - java.nio.DirectByteBuffer.<init>(long, int): unavailable
2024-02-21 14:13:53 DEBUG PlatformDependent:1159 - sun.misc.Unsafe: available
2024-02-21 14:13:53 DEBUG PlatformDependent:1270 - maxDirectMemory: 2116026368 bytes (maybe)
2024-02-21 14:13:53 DEBUG PlatformDependent:1289 - -Dio.netty.tmpdir: C:\Users\Admin\AppData\Local\Temp (java.io.tmpdir)
2024-02-21 14:13:53 DEBUG PlatformDependent:1368 - -Dio.netty.bitMode: 64 (sun.arch.data.model)
2024-02-21 14:13:53 DEBUG PlatformDependent:1119 - Platform: Windows
2024-02-21 14:13:53 DEBUG PlatformDependent:178 - -Dio.netty.maxDirectMemory: -1 bytes
2024-02-21 14:13:53 DEBUG PlatformDependent:185 - -Dio.netty.uninitializedArrayAllocationThreshold: -1
2024-02-21 14:13:53 DEBUG CleanerJava9:71 - java.nio.ByteBuffer.cleaner(): available
2024-02-21 14:13:53 DEBUG PlatformDependent:205 - -Dio.netty.noPreferDirect: false
2024-02-21 14:13:53 DEBUG PlatformDependent:1010 - org.jctools-core.MpscChunkedArrayQueue: available
2024-02-21 14:13:53 DEBUG InternalThreadLocalMap:100 - -Dio.netty.threadLocalMap.stringBuilder.initialSize: 1024
2024-02-21 14:13:53 DEBUG InternalThreadLocalMap:101 - -Dio.netty.threadLocalMap.stringBuilder.maxSize: 4096
2024-02-21 14:13:53 DEBUG JdkSslContext:83 - Default protocols (JDK): [TLSv1.3, TLSv1.2] 
2024-02-21 14:13:53 DEBUG JdkSslContext:84 - Default cipher suites (JDK): [TLS_ECDHE_ECDSA_WITH_AES_256_GCM_SHA384, TLS_ECDHE_ECDSA_WITH_AES_128_GCM_SHA256, TLS_ECDHE_RSA_WITH_AES_128_GCM_SHA256, TLS_ECDHE_RSA_WITH_AES_256_GCM_SHA384, TLS_ECDHE_RSA_WITH_AES_128_CBC_SHA, TLS_ECDHE_RSA_WITH_AES_256_CBC_SHA, TLS_RSA_WITH_AES_128_GCM_SHA256, TLS_RSA_WITH_AES_128_CBC_SHA, TLS_RSA_WITH_AES_256_CBC_SHA, TLS_AES_128_GCM_SHA256, TLS_AES_256_GCM_SHA384]
2024-02-21 14:13:53 DEBUG GlobalEventExecutor:53 - -Dio.netty.globalEventExecutor.quietPeriodSeconds: 1
2024-02-21 14:13:53 DEBUG MultithreadEventLoopGroup:44 - -Dio.netty.eventLoopThreads: 8
2024-02-21 14:13:53 DEBUG NioEventLoop:110 - -Dio.netty.noKeySetOptimization: false
2024-02-21 14:13:53 DEBUG NioEventLoop:111 - -Dio.netty.selectorAutoRebuildThreshold: 512
2024-02-21 14:13:53 DEBUG PooledByteBufAllocator:157 - -Dio.netty.allocator.numHeapArenas: 8
2024-02-21 14:13:53 DEBUG PooledByteBufAllocator:158 - -Dio.netty.allocator.numDirectArenas: 8
2024-02-21 14:13:53 DEBUG PooledByteBufAllocator:160 - -Dio.netty.allocator.pageSize: 8192
2024-02-21 14:13:53 DEBUG PooledByteBufAllocator:165 - -Dio.netty.allocator.maxOrder: 9
2024-02-21 14:13:53 DEBUG PooledByteBufAllocator:169 - -Dio.netty.allocator.chunkSize: 4194304
2024-02-21 14:13:53 DEBUG PooledByteBufAllocator:170 - -Dio.netty.allocator.smallCacheSize: 256
2024-02-21 14:13:53 DEBUG PooledByteBufAllocator:171 - -Dio.netty.allocator.normalCacheSize: 64
2024-02-21 14:13:53 DEBUG PooledByteBufAllocator:172 - -Dio.netty.allocator.maxCachedBufferCapacity: 32768
2024-02-21 14:13:53 DEBUG PooledByteBufAllocator:173 - -Dio.netty.allocator.cacheTrimInterval: 8192
2024-02-21 14:13:53 DEBUG PooledByteBufAllocator:174 - -Dio.netty.allocator.cacheTrimIntervalMillis: 0
2024-02-21 14:13:53 DEBUG PooledByteBufAllocator:175 - -Dio.netty.allocator.useCacheForAllThreads: false
2024-02-21 14:13:53 DEBUG PooledByteBufAllocator:176 - -Dio.netty.allocator.maxCachedByteBuffersPerChunk: 1023
2024-02-21 14:13:53 DEBUG ByteBufUtil:88 - -Dio.netty.allocator.type: pooled
2024-02-21 14:13:53 DEBUG ByteBufUtil:97 - -Dio.netty.threadLocalDirectBufferSize: 0
2024-02-21 14:13:53 DEBUG ByteBufUtil:100 - -Dio.netty.maxThreadLocalCharBufferSize: 16384
2024-02-21 14:13:54 DEBUG DefaultChannelId:79 - -Dio.netty.processId: 16988 (auto-detected)
2024-02-21 14:13:54 DEBUG NetUtil:148 - -Djava.net.preferIPv4Stack: false
2024-02-21 14:13:54 DEBUG NetUtil:149 - -Djava.net.preferIPv6Addresses: false
2024-02-21 14:13:54 DEBUG NetUtilInitializations:145 - Loopback interface: lo (Software Loopback Interface 1, 127.0.0.1)
2024-02-21 14:13:54 DEBUG NetUtil:206 - Failed to get SOMAXCONN from sysctl and file \proc\sys\net\core\somaxconn. Default: 200
2024-02-21 14:13:54 DEBUG DefaultChannelId:101 - -Dio.netty.machineId: 4c:34:88:ff:fe:16:51:6b (auto-detected)
2024-02-21 14:13:54 DEBUG AbstractByteBuf:63 - -Dio.netty.buffer.checkAccessible: true
2024-02-21 14:13:54 DEBUG AbstractByteBuf:64 - -Dio.netty.buffer.checkBounds: true
2024-02-21 14:13:54 DEBUG ResourceLeakDetectorFactory:196 - Loaded default ResourceLeakDetector: io.netty.util.ResourceLeakDetector@50ad3f28
2024-02-21 14:13:54 DEBUG Recycler:96 - -Dio.netty.recycler.maxCapacityPerThread: 4096
2024-02-21 14:13:54 DEBUG Recycler:97 - -Dio.netty.recycler.ratio: 8
2024-02-21 14:13:54 DEBUG Recycler:98 - -Dio.netty.recycler.chunkSize: 32
2024-02-21 14:13:54 DEBUG Recycler:99 - -Dio.netty.recycler.blocking: false
2024-02-21 14:13:54 DEBUG Recycler:100 - -Dio.netty.recycler.batchFastThreadLocalOnly: true
2024-02-21 14:13:56 DEBUG Brotli:38 - brotli4j not in the classpath; Brotli support will be unavailable.
2024-02-21 14:13:56 DEBUG ThreadLocalRandom:214 - -Dio.netty.initialSeedUniquifier: 0xcfde2b0be2241d69
2024-02-21 14:15:01 DEBUG InternalLoggerFactory:76 - Using Log4J2 as the default logging framework
2024-02-21 14:15:01 DEBUG ResourceLeakDetector:129 - -Dio.netty.leakDetection.level: simple
2024-02-21 14:15:01 DEBUG ResourceLeakDetector:130 - -Dio.netty.leakDetection.targetRecords: 4
2024-02-21 14:15:01 DEBUG ResourceLeakDetectorFactory:196 - Loaded default ResourceLeakDetector: io.netty.util.ResourceLeakDetector@7ca0863b
2024-02-21 14:15:01 DEBUG PlatformDependent0:496 - -Dio.netty.noUnsafe: false
2024-02-21 14:15:01 DEBUG PlatformDependent0:1000 - Java version: 17
2024-02-21 14:15:01 DEBUG PlatformDependent0:137 - sun.misc.Unsafe.theUnsafe: available
2024-02-21 14:15:01 DEBUG PlatformDependent0:161 - sun.misc.Unsafe.copyMemory: available
2024-02-21 14:15:01 DEBUG PlatformDependent0:193 - sun.misc.Unsafe.storeFence: available
2024-02-21 14:15:02 DEBUG PlatformDependent0:236 - java.nio.Buffer.address: available
2024-02-21 14:15:02 DEBUG PlatformDependent0:320 - direct buffer constructor: unavailable: Reflective setAccessible(true) disabled
2024-02-21 14:15:02 DEBUG PlatformDependent0:385 - java.nio.Bits.unaligned: available, true
2024-02-21 14:15:02 DEBUG PlatformDependent0:452 - jdk.internal.misc.Unsafe.allocateUninitializedArray(int): unavailable: class io.netty.util.internal.PlatformDependent0$7 cannot access class jdk.internal.misc.Unsafe (in module java.base) because module java.base does not export jdk.internal.misc to unnamed module @464bee09
2024-02-21 14:15:02 DEBUG PlatformDependent0:482 - java.nio.DirectByteBuffer.<init>(long, int): unavailable
2024-02-21 14:15:02 DEBUG PlatformDependent:1159 - sun.misc.Unsafe: available
2024-02-21 14:15:02 DEBUG PlatformDependent:1270 - maxDirectMemory: 2116026368 bytes (maybe)
2024-02-21 14:15:02 DEBUG PlatformDependent:1289 - -Dio.netty.tmpdir: C:\Users\Admin\AppData\Local\Temp (java.io.tmpdir)
2024-02-21 14:15:02 DEBUG PlatformDependent:1368 - -Dio.netty.bitMode: 64 (sun.arch.data.model)
2024-02-21 14:15:02 DEBUG PlatformDependent:1119 - Platform: Windows
2024-02-21 14:15:02 DEBUG PlatformDependent:178 - -Dio.netty.maxDirectMemory: -1 bytes
2024-02-21 14:15:02 DEBUG PlatformDependent:185 - -Dio.netty.uninitializedArrayAllocationThreshold: -1
2024-02-21 14:15:02 DEBUG CleanerJava9:71 - java.nio.ByteBuffer.cleaner(): available
2024-02-21 14:15:02 DEBUG PlatformDependent:205 - -Dio.netty.noPreferDirect: false
2024-02-21 14:15:02 DEBUG PlatformDependent:1010 - org.jctools-core.MpscChunkedArrayQueue: available
2024-02-21 14:15:02 DEBUG InternalThreadLocalMap:100 - -Dio.netty.threadLocalMap.stringBuilder.initialSize: 1024
2024-02-21 14:15:02 DEBUG InternalThreadLocalMap:101 - -Dio.netty.threadLocalMap.stringBuilder.maxSize: 4096
2024-02-21 14:15:02 DEBUG JdkSslContext:83 - Default protocols (JDK): [TLSv1.3, TLSv1.2] 
2024-02-21 14:15:02 DEBUG JdkSslContext:84 - Default cipher suites (JDK): [TLS_ECDHE_ECDSA_WITH_AES_256_GCM_SHA384, TLS_ECDHE_ECDSA_WITH_AES_128_GCM_SHA256, TLS_ECDHE_RSA_WITH_AES_128_GCM_SHA256, TLS_ECDHE_RSA_WITH_AES_256_GCM_SHA384, TLS_ECDHE_RSA_WITH_AES_128_CBC_SHA, TLS_ECDHE_RSA_WITH_AES_256_CBC_SHA, TLS_RSA_WITH_AES_128_GCM_SHA256, TLS_RSA_WITH_AES_128_CBC_SHA, TLS_RSA_WITH_AES_256_CBC_SHA, TLS_AES_128_GCM_SHA256, TLS_AES_256_GCM_SHA384]
2024-02-21 14:15:02 DEBUG GlobalEventExecutor:53 - -Dio.netty.globalEventExecutor.quietPeriodSeconds: 1
2024-02-21 14:15:02 DEBUG MultithreadEventLoopGroup:44 - -Dio.netty.eventLoopThreads: 8
2024-02-21 14:15:02 DEBUG NioEventLoop:110 - -Dio.netty.noKeySetOptimization: false
2024-02-21 14:15:02 DEBUG NioEventLoop:111 - -Dio.netty.selectorAutoRebuildThreshold: 512
2024-02-21 14:15:02 DEBUG PooledByteBufAllocator:157 - -Dio.netty.allocator.numHeapArenas: 8
2024-02-21 14:15:02 DEBUG PooledByteBufAllocator:158 - -Dio.netty.allocator.numDirectArenas: 8
2024-02-21 14:15:02 DEBUG PooledByteBufAllocator:160 - -Dio.netty.allocator.pageSize: 8192
2024-02-21 14:15:02 DEBUG PooledByteBufAllocator:165 - -Dio.netty.allocator.maxOrder: 9
2024-02-21 14:15:02 DEBUG PooledByteBufAllocator:169 - -Dio.netty.allocator.chunkSize: 4194304
2024-02-21 14:15:02 DEBUG PooledByteBufAllocator:170 - -Dio.netty.allocator.smallCacheSize: 256
2024-02-21 14:15:02 DEBUG PooledByteBufAllocator:171 - -Dio.netty.allocator.normalCacheSize: 64
2024-02-21 14:15:02 DEBUG PooledByteBufAllocator:172 - -Dio.netty.allocator.maxCachedBufferCapacity: 32768
2024-02-21 14:15:02 DEBUG PooledByteBufAllocator:173 - -Dio.netty.allocator.cacheTrimInterval: 8192
2024-02-21 14:15:02 DEBUG PooledByteBufAllocator:174 - -Dio.netty.allocator.cacheTrimIntervalMillis: 0
2024-02-21 14:15:02 DEBUG PooledByteBufAllocator:175 - -Dio.netty.allocator.useCacheForAllThreads: false
2024-02-21 14:15:02 DEBUG PooledByteBufAllocator:176 - -Dio.netty.allocator.maxCachedByteBuffersPerChunk: 1023
2024-02-21 14:15:02 DEBUG ByteBufUtil:88 - -Dio.netty.allocator.type: pooled
2024-02-21 14:15:02 DEBUG ByteBufUtil:97 - -Dio.netty.threadLocalDirectBufferSize: 0
2024-02-21 14:15:02 DEBUG ByteBufUtil:100 - -Dio.netty.maxThreadLocalCharBufferSize: 16384
2024-02-21 14:15:03 DEBUG DefaultChannelId:79 - -Dio.netty.processId: 15516 (auto-detected)
2024-02-21 14:15:03 DEBUG NetUtil:148 - -Djava.net.preferIPv4Stack: false
2024-02-21 14:15:03 DEBUG NetUtil:149 - -Djava.net.preferIPv6Addresses: false
2024-02-21 14:15:03 DEBUG NetUtilInitializations:145 - Loopback interface: lo (Software Loopback Interface 1, 127.0.0.1)
2024-02-21 14:15:03 DEBUG NetUtil:206 - Failed to get SOMAXCONN from sysctl and file \proc\sys\net\core\somaxconn. Default: 200
2024-02-21 14:15:03 DEBUG DefaultChannelId:101 - -Dio.netty.machineId: 4c:34:88:ff:fe:16:51:6b (auto-detected)
2024-02-21 14:15:03 DEBUG AbstractByteBuf:63 - -Dio.netty.buffer.checkAccessible: true
2024-02-21 14:15:03 DEBUG AbstractByteBuf:64 - -Dio.netty.buffer.checkBounds: true
2024-02-21 14:15:03 DEBUG ResourceLeakDetectorFactory:196 - Loaded default ResourceLeakDetector: io.netty.util.ResourceLeakDetector@50ad3f28
2024-02-21 14:15:03 DEBUG Recycler:96 - -Dio.netty.recycler.maxCapacityPerThread: 4096
2024-02-21 14:15:03 DEBUG Recycler:97 - -Dio.netty.recycler.ratio: 8
2024-02-21 14:15:03 DEBUG Recycler:98 - -Dio.netty.recycler.chunkSize: 32
2024-02-21 14:15:03 DEBUG Recycler:99 - -Dio.netty.recycler.blocking: false
2024-02-21 14:15:03 DEBUG Recycler:100 - -Dio.netty.recycler.batchFastThreadLocalOnly: true
2024-02-21 14:15:05 DEBUG Brotli:38 - brotli4j not in the classpath; Brotli support will be unavailable.
2024-02-21 14:15:05 DEBUG ThreadLocalRandom:214 - -Dio.netty.initialSeedUniquifier: 0x958f75d08b6fed63
